<?xml version="1.0" encoding="UTF-8"?>
<testsuite name="edu.bsu.cs222.ArticleTest" tests="1" skipped="0" failures="0" errors="0" timestamp="2023-02-13T15:49:35" hostname="MACBOOKPRO15" time="0.017">
  <properties/>
  <testcase name="generateArticleURL()" classname="edu.bsu.cs222.ArticleTest" time="0.017"/>
  <system-out><![CDATA[]]></system-out>
  <system-err><![CDATA[]]></system-err>
</testsuite>
