<?xml version="1.0" encoding="UTF-8"?>
<testsuite name="edu.bsu.cs222.RevisionParserTest" tests="1" skipped="0" failures="0" errors="0" timestamp="2023-02-09T17:38:59" hostname="DESKTOP-0FAP12Q" time="0.102">
  <properties/>
  <testcase name="testParse()" classname="edu.bsu.cs222.RevisionParserTest" time="0.102"/>
  <system-out><![CDATA[]]></system-out>
  <system-err><![CDATA[SLF4J: Failed to load class "org.slf4j.impl.StaticLoggerBinder".
SLF4J: Defaulting to no-operation (NOP) logger implementation
SLF4J: See http://www.slf4j.org/codes.html#StaticLoggerBinder for further details.
]]></system-err>
</testsuite>
