<?xml version="1.0" encoding="UTF-8"?>
<testsuite name="edu.bsu.cs222.ArticleRequestTest" tests="1" skipped="0" failures="0" errors="0" timestamp="2023-02-20T09:51:48" hostname="MACBOOKPRO15" time="0.019">
  <properties/>
  <testcase name="NoPageRequestedTest()" classname="edu.bsu.cs222.ArticleRequestTest" time="0.019"/>
  <system-out><![CDATA[]]></system-out>
  <system-err><![CDATA[]]></system-err>
</testsuite>
